🏆 COMPLETE 4-PHASE TELEGRAM BOT
=================================
✅ Phase 1: Enhanced Technical + Machine Learning
✅ Phase 2: Multi-Timeframe + Advanced Indicators
✅ Phase 3: Smart Money Concepts + Institutional Analysis
✅ Phase 4: Portfolio Optimization + Risk Management + Algorithmic Execution
📊 Real Market Data: Upstox API Integration
🔄 Complete integration of all 4 phases

21:55:37.643 [main] INFO  c.trading.bot.ml.MLSignalValidator - Initializing advanced ML signal validator...
21:55:37.646 [main] INFO  c.t.bot.ml.SimplifiedMarketPredictor - Initializing simplified ML model...
21:55:37.646 [main] INFO  c.t.bot.ml.SimplifiedMarketPredictor - Simplified ML model initialized successfully
21:55:37.646 [main] INFO  c.trading.bot.ml.MLSignalValidator - Advanced ML signal validator initialized successfully
21:55:37.652 [main] INFO  c.trading.bot.ml.MLSignalValidator - Initializing advanced ML signal validator...
21:55:37.653 [main] INFO  c.t.bot.ml.SimplifiedMarketPredictor - Initializing simplified ML model...
21:55:37.653 [main] INFO  c.t.bot.ml.SimplifiedMarketPredictor - Simplified ML model initialized successfully
21:55:37.653 [main] INFO  c.trading.bot.ml.MLSignalValidator - Advanced ML signal validator initialized successfully
21:55:37.659 [main] INFO  c.trading.bot.ml.MLSignalValidator - Initializing advanced ML signal validator...
21:55:37.660 [main] INFO  c.t.bot.ml.SimplifiedMarketPredictor - Initializing simplified ML model...
21:55:37.660 [main] INFO  c.t.bot.ml.SimplifiedMarketPredictor - Simplified ML model initialized successfully
21:55:37.660 [main] INFO  c.trading.bot.ml.MLSignalValidator - Advanced ML signal validator initialized successfully
✅ Complete Integrated Bot (Phases 1-4) initialized
🚀 Starting Complete Integrated Bot (Phases 1-4)...
🏆 Features: All 4 Phases + Real Market Data
Initializing Phase 1...
21:55:37.665 [main] INFO  com.trading.bot.core.IntegratedBot - Initializing Integrated Bot - Phase 1...
21:55:37.665 [main] INFO  c.t.bot.ml.SimplifiedMarketPredictor - Initializing simplified ML model...
21:55:37.665 [main] INFO  c.t.bot.ml.SimplifiedMarketPredictor - Simplified ML model initialized successfully
21:55:37.666 [main] INFO  com.trading.bot.core.IntegratedBot - Integrated Bot Phase 1 initialization completed successfully
✅ Phase 1 initialized
Initializing Phase 2...
21:55:37.666 [main] INFO  c.t.bot.core.Phase2IntegratedBot - === Initializing Phase 2 Advanced Integrated Bot ===
21:55:37.666 [main] INFO  c.t.bot.core.Phase2IntegratedBot - Initializing technical analyzer...
21:55:37.666 [main] INFO  c.t.bot.core.Phase2IntegratedBot - Initializing multi-timeframe analyzer...
21:55:37.667 [main] INFO  c.t.bot.core.Phase2IntegratedBot - Initializing advanced indicators engine...
21:55:37.667 [main] INFO  c.t.bot.core.Phase2IntegratedBot - Initializing ML signal validator...
21:55:37.667 [main] INFO  c.t.bot.core.Phase2IntegratedBot - ✅ Phase 2 Advanced Integrated Bot initialized successfully
✅ Phase 2 initialized
Initializing Phase 3...
21:55:37.668 [main] INFO  c.t.bot.core.Phase3IntegratedBot - === Initializing Phase 3 Smart Money Concepts Bot ===
21:55:37.668 [main] INFO  c.t.bot.core.Phase3IntegratedBot - Initializing Phase 2 foundation...
21:55:37.668 [main] INFO  c.t.bot.core.Phase2IntegratedBot - === Initializing Phase 2 Advanced Integrated Bot ===
21:55:37.669 [main] INFO  c.t.bot.core.Phase2IntegratedBot - Initializing technical analyzer...
21:55:37.669 [main] INFO  c.t.bot.core.Phase2IntegratedBot - Initializing multi-timeframe analyzer...
21:55:37.669 [main] INFO  c.t.bot.core.Phase2IntegratedBot - Initializing advanced indicators engine...
21:55:37.669 [main] INFO  c.t.bot.core.Phase2IntegratedBot - Initializing ML signal validator...
21:55:37.669 [main] INFO  c.t.bot.core.Phase2IntegratedBot - ✅ Phase 2 Advanced Integrated Bot initialized successfully
21:55:37.670 [main] INFO  c.t.bot.core.Phase3IntegratedBot - Initializing Order Block Detector...
21:55:37.670 [main] INFO  c.t.bot.core.Phase3IntegratedBot - Initializing Fair Value Gap Detector...
21:55:37.670 [main] INFO  c.t.bot.core.Phase3IntegratedBot - Initializing Liquidity Analyzer...
21:55:37.670 [main] INFO  c.t.bot.core.Phase3IntegratedBot - ✅ Phase 3 Smart Money Concepts Bot initialized successfully
✅ Phase 3 initialized
Initializing Phase 4...
21:55:37.671 [main] INFO  c.t.bot.core.Phase4QuantSystemBot - === Initializing Phase 4 Quantitative & Algorithmic Trading System ===
21:55:37.671 [main] INFO  c.t.bot.core.Phase4QuantSystemBot - Initializing Phase 3 Smart Money foundation...
21:55:37.671 [main] INFO  c.t.bot.core.Phase3IntegratedBot - === Initializing Phase 3 Smart Money Concepts Bot ===
21:55:37.671 [main] INFO  c.t.bot.core.Phase3IntegratedBot - Initializing Phase 2 foundation...
21:55:37.671 [main] INFO  c.t.bot.core.Phase2IntegratedBot - === Initializing Phase 2 Advanced Integrated Bot ===
21:55:37.671 [main] INFO  c.t.bot.core.Phase2IntegratedBot - Initializing technical analyzer...
21:55:37.672 [main] INFO  c.t.bot.core.Phase2IntegratedBot - Initializing multi-timeframe analyzer...
21:55:37.672 [main] INFO  c.t.bot.core.Phase2IntegratedBot - Initializing advanced indicators engine...
21:55:37.672 [main] INFO  c.t.bot.core.Phase2IntegratedBot - Initializing ML signal validator...
21:55:37.672 [main] INFO  c.t.bot.core.Phase2IntegratedBot - ✅ Phase 2 Advanced Integrated Bot initialized successfully
21:55:37.672 [main] INFO  c.t.bot.core.Phase3IntegratedBot - Initializing Order Block Detector...
21:55:37.672 [main] INFO  c.t.bot.core.Phase3IntegratedBot - Initializing Fair Value Gap Detector...
21:55:37.672 [main] INFO  c.t.bot.core.Phase3IntegratedBot - Initializing Liquidity Analyzer...
21:55:37.672 [main] INFO  c.t.bot.core.Phase3IntegratedBot - ✅ Phase 3 Smart Money Concepts Bot initialized successfully
21:55:37.673 [main] INFO  c.t.bot.core.Phase4QuantSystemBot - Initializing Portfolio Manager...
21:55:37.673 [main] INFO  c.trading.bot.quant.PortfolioManager - ✅ Portfolio Manager initialized with ${:.2f}
21:55:37.676 [main] INFO  c.t.bot.core.Phase4QuantSystemBot - Initializing Risk Optimizer...
21:55:37.676 [main] INFO  com.trading.bot.quant.RiskOptimizer - ✅ Risk Optimizer initialized
21:55:37.676 [main] INFO  c.t.bot.core.Phase4QuantSystemBot - Initializing Algorithmic Executor...
21:55:37.677 [main] INFO  c.t.bot.quant.AlgorithmicExecutor - ✅ Algorithmic Executor initialized
21:55:37.677 [main] INFO  c.t.bot.core.Phase4QuantSystemBot - Initializing Quantitative Analyzer...
21:55:37.677 [main] INFO  c.t.bot.quant.QuantitativeAnalyzer - ✅ Quantitative Analyzer initialized
21:55:37.678 [main] INFO  c.t.bot.core.Phase4QuantSystemBot - ✅ Phase 4 Quantitative System initialized successfully
✅ Phase 4 initialized
✅ ALL 4 PHASES READY
❌ Error checking messages: request timed out
❌ Error checking messages: request timed out
❌ Error checking messages: request timed out
❌ Error checking messages: request timed out
❌ Error checking messages: request timed out

🛑 Shutting down Complete 4-Phase Bot...
