🏦 STARTING PHASE 3 INSTITUTIONAL TELEGRAM BOT
===============================================
✅ Smart Money Concepts Integration
✅ Order Block Detection
✅ Fair Value Gap Analysis
✅ Liquidity Analysis
✅ Institutional Grade Classification

20:15:11.685 [main] INFO  c.trading.bot.ml.MLSignalValidator - Initializing advanced ML signal validator...
20:15:11.687 [main] INFO  c.t.bot.ml.SimplifiedMarketPredictor - Initializing simplified ML model...
20:15:11.688 [main] INFO  c.t.bot.ml.SimplifiedMarketPredictor - Simplified ML model initialized successfully
20:15:11.688 [main] INFO  c.trading.bot.ml.MLSignalValidator - Advanced ML signal validator initialized successfully
20:15:11.690 [main] INFO  c.t.bot.core.Phase3IntegratedBot - === Initializing Phase 3 Smart Money Concepts Bot ===
20:15:11.690 [main] INFO  c.t.bot.core.Phase3IntegratedBot - Initializing Phase 2 foundation...
20:15:11.690 [main] INFO  c.t.bot.core.Phase2IntegratedBot - === Initializing Phase 2 Advanced Integrated Bot ===
20:15:11.690 [main] INFO  c.t.bot.core.Phase2IntegratedBot - Initializing technical analyzer...
20:15:11.690 [main] INFO  c.t.bot.core.Phase2IntegratedBot - Initializing multi-timeframe analyzer...
20:15:11.690 [main] INFO  c.t.bot.core.Phase2IntegratedBot - Initializing advanced indicators engine...
20:15:11.690 [main] INFO  c.t.bot.core.Phase2IntegratedBot - Initializing ML signal validator...
20:15:11.691 [main] INFO  c.t.bot.core.Phase2IntegratedBot - ✅ Phase 2 Advanced Integrated Bot initialized successfully
20:15:11.691 [main] INFO  c.t.bot.core.Phase3IntegratedBot - Initializing Order Block Detector...
20:15:11.691 [main] INFO  c.t.bot.core.Phase3IntegratedBot - Initializing Fair Value Gap Detector...
20:15:11.691 [main] INFO  c.t.bot.core.Phase3IntegratedBot - Initializing Liquidity Analyzer...
20:15:11.691 [main] INFO  c.t.bot.core.Phase3IntegratedBot - ✅ Phase 3 Smart Money Concepts Bot initialized successfully
20:15:11.691 [main] INFO  c.t.bot.telegram.Phase3TelegramBot - ✅ Phase 3 Integrated Bot initialized successfully
20:15:11.692 [main] INFO  c.t.b.market.HonestMarketDataFetcher - 🧪 Testing HONEST market data connectivity...
20:15:11.693 [main] INFO  c.t.b.market.HonestMarketDataFetcher - 🌐 API URL: https://api.upstox.com/v2/market-quote/ltp?instrument_key=NSE_INDEX%7CNifty+50
20:15:12.446 [main] INFO  c.t.b.market.HonestMarketDataFetcher - 📡 API Response Status: 200 for NIFTY50
20:15:12.447 [main] INFO  c.t.b.market.HonestMarketDataFetcher - 📄 API Response Body: {"status":"success","data":{"NSE_INDEX:Nifty 50":{"last_price":25879.15,"instrument_token":"NSE_INDEX|Nifty 50"}}}
20:15:12.450 [main] INFO  c.t.b.market.HonestMarketDataFetcher - ✅ Parsed REAL price for NIFTY50: ₹25879.15
20:15:12.450 [main] INFO  c.t.b.market.HonestMarketDataFetcher - ✅ REAL LIVE PRICE for NIFTY50: ₹25879.15
20:15:12.451 [main] INFO  c.t.b.market.HonestMarketDataFetcher - ✅ REAL price for NIFTY50: ₹25879.15
20:15:12.954 [main] INFO  c.t.b.market.HonestMarketDataFetcher - 🌐 API URL: https://api.upstox.com/v2/market-quote/ltp?instrument_key=BSE_INDEX%7CSENSEX
20:15:13.044 [main] INFO  c.t.b.market.HonestMarketDataFetcher - 📡 API Response Status: 200 for SENSEX
20:15:13.044 [main] INFO  c.t.b.market.HonestMarketDataFetcher - 📄 API Response Body: {"status":"success","data":{"BSE_INDEX:SENSEX":{"last_price":84478.67,"instrument_token":"BSE_INDEX|SENSEX"}}}
20:15:13.045 [main] INFO  c.t.b.market.HonestMarketDataFetcher - ✅ Parsed REAL price for SENSEX: ₹84478.67
20:15:13.045 [main] INFO  c.t.b.market.HonestMarketDataFetcher - ✅ REAL LIVE PRICE for SENSEX: ₹84478.67
20:15:13.045 [main] INFO  c.t.b.market.HonestMarketDataFetcher - ✅ REAL price for SENSEX: ₹84478.67
20:15:13.551 [main] INFO  c.t.b.market.HonestMarketDataFetcher - 🌐 API URL: https://api.upstox.com/v2/market-quote/ltp?instrument_key=NSE_INDEX%7CNifty+Bank
20:15:13.626 [main] INFO  c.t.b.market.HonestMarketDataFetcher - 📡 API Response Status: 200 for BANKNIFTY
20:15:13.626 [main] INFO  c.t.b.market.HonestMarketDataFetcher - 📄 API Response Body: {"status":"success","data":{"NSE_INDEX:Nifty Bank":{"last_price":58381.95,"instrument_token":"NSE_INDEX|Nifty Bank"}}}
20:15:13.627 [main] INFO  c.t.b.market.HonestMarketDataFetcher - ✅ Parsed REAL price for BANKNIFTY: ₹58381.95
20:15:13.627 [main] INFO  c.t.b.market.HonestMarketDataFetcher - ✅ REAL LIVE PRICE for BANKNIFTY: ₹58381.95
20:15:13.628 [main] INFO  c.t.b.market.HonestMarketDataFetcher - ✅ REAL price for BANKNIFTY: ₹58381.95
20:15:14.129 [main] INFO  c.t.b.market.HonestMarketDataFetcher - ✅ HONEST CONNECTIVITY TEST RESULTS:
20:15:14.129 [main] INFO  c.t.b.market.HonestMarketDataFetcher - 📊 NIFTY50 REAL PRICE: ₹25879.15
20:15:14.130 [main] INFO  c.t.b.market.HonestMarketDataFetcher - 📊 SENSEX REAL PRICE: ₹84478.67
20:15:14.130 [main] INFO  c.t.b.market.HonestMarketDataFetcher - 📊 BANKNIFTY REAL PRICE: ₹58381.95
20:15:14.131 [main] INFO  c.t.bot.telegram.Phase3TelegramBot - ✅ HONEST Market Data Fetcher initialized successfully
20:15:14.133 [main] INFO  c.t.bot.telegram.Phase3TelegramBot - 🚀 Starting Phase 3 Telegram Bot...
20:15:14.135 [main] INFO  c.t.bot.telegram.Phase3TelegramBot - 📱 Phase 3 Telegram Bot is ready for commands
20:15:14.138 [main] INFO  c.t.bot.telegram.Phase3TelegramBot - ✅ Phase 3 Telegram Bot started successfully
20:15:14.138 [main] INFO  c.t.bot.telegram.Phase3TelegramBot - 🏦 Available features: Smart Money Analysis, Order Blocks, FVGs, Liquidity Analysis
20:15:14.139 [main] INFO  c.t.bot.telegram.Phase3TelegramBot - 📱 Send /start to begin institutional trading analysis
20:16:27.154 [pool-1-thread-2] INFO  c.t.bot.telegram.Phase3TelegramBot - 📱 Received command: /start from chat: 457623834
20:16:27.919 [pool-1-thread-2] DEBUG c.t.bot.telegram.Phase3TelegramBot - 📤 Sent message to chat 457623834: 🏦 **PHASE 3 INSTITUTIONAL TRADING BOT ACTIVATED**
20:16:30.337 [pool-1-thread-2] DEBUG c.t.bot.telegram.Phase3TelegramBot - 📤 Sent message to chat 457623834: 📊 **Generating initial market analysis...**
20:16:30.745 [pool-1-thread-2] DEBUG c.t.bot.telegram.Phase3TelegramBot - 📤 Sent message to chat 457623834: 🔍 **Performing Phase 3 Smart Money Analysis...**\
20:16:30.746 [pool-1-thread-2] INFO  c.t.b.market.HonestMarketDataFetcher - 🔍 Fetching HONEST market data for: NIFTY50
20:16:30.747 [pool-1-thread-2] INFO  c.t.b.market.HonestMarketDataFetcher - 🌐 API URL: https://api.upstox.com/v2/market-quote/ltp?instrument_key=NSE_INDEX%7CNifty+50
20:16:30.949 [pool-1-thread-2] INFO  c.t.b.market.HonestMarketDataFetcher - 📡 API Response Status: 200 for NIFTY50
20:16:30.950 [pool-1-thread-2] INFO  c.t.b.market.HonestMarketDataFetcher - 📄 API Response Body: {"status":"success","data":{"NSE_INDEX:Nifty 50":{"last_price":25879.15,"instrument_token":"NSE_INDEX|Nifty 50"}}}
20:16:30.951 [pool-1-thread-2] INFO  c.t.b.market.HonestMarketDataFetcher - ✅ Parsed REAL price for NIFTY50: ₹25879.15
20:16:30.951 [pool-1-thread-2] INFO  c.t.b.market.HonestMarketDataFetcher - ✅ REAL LIVE PRICE for NIFTY50: ₹25879.15
20:16:30.955 [pool-1-thread-2] INFO  c.t.b.market.HonestMarketDataFetcher - ✅ Generated 72 historical points for NIFTY50 around REAL price ₹25879.15
20:16:30.956 [pool-1-thread-2] INFO  c.t.bot.core.Phase3IntegratedBot - === Generating Phase 3 Institutional Trading Call for NIFTY50 ===
20:16:30.956 [pool-1-thread-2] INFO  c.t.bot.core.Phase2IntegratedBot - === Generating Phase 2 Advanced Trading Call for NIFTY50 ===
20:16:30.956 [pool-1-thread-2] INFO  c.t.b.t.AdvancedTechnicalAnalyzer - Calculating enhanced confidence for NIFTY50
20:16:30.956 [pool-1-thread-2] DEBUG c.t.b.t.AdvancedTechnicalAnalyzer - MACD calculated - Line: 0.17989047452647355, Signal: 0.0, Histogram: 0.17989047452647355
20:16:30.957 [pool-1-thread-2] DEBUG c.t.b.t.AdvancedTechnicalAnalyzer - Bollinger Bands - Upper: 25870.674110599382, Middle: 25832.97786208234, Lower: 25795.2816135653
20:16:30.959 [pool-1-thread-2] INFO  c.t.b.t.AdvancedTechnicalAnalyzer - Enhanced confidence calculated: 51.25 for NIFTY50 with reasoning: Trend:5.0, Momentum:20.0, Volume:15.0, Volatility:3.8, Pattern:7.5
20:16:30.959 [pool-1-thread-2] DEBUG c.t.bot.core.Phase2IntegratedBot - Technical analysis: Trend:5.0, Momentum:20.0, Volume:15.0, Volatility:3.8, Pattern:7.5
20:16:30.960 [pool-1-thread-2] INFO  c.t.b.t.MultiTimeframeAnalyzer - Performing multi-timeframe analysis on 72 data points
20:16:30.972 [pool-1-thread-2] DEBUG c.t.b.t.MultiTimeframeAnalyzer - Timeframe analysis: SHORT_TERM: NEUTRAL (25.0% strength, 54.1% confidence) - MA(25879.15) vs MA(25838.11), Strength: 25.0%
20:16:30.973 [pool-1-thread-2] DEBUG c.t.b.t.MultiTimeframeAnalyzer - Timeframe analysis: MEDIUM_TERM: BULLISH (10.5% strength, 52.3% confidence) - MA(25838.11) vs MA(25832.98), Strength: 10.5%
20:16:30.974 [pool-1-thread-2] DEBUG c.t.b.t.MultiTimeframeAnalyzer - Timeframe analysis: LONG_TERM: BULLISH (4.1% strength, 51.2% confidence) - MA(25838.11) vs MA(25838.02), Strength: 4.1%
20:16:30.975 [pool-1-thread-2] INFO  c.t.b.t.MultiTimeframeAnalyzer - Multi-timeframe result: BULLISH trend with 38.78820567569145% confidence (WEAK_ALIGNMENT)
20:16:30.976 [pool-1-thread-2] DEBUG c.t.bot.core.Phase2IntegratedBot - Timeframe analysis: Long: BULLISH(51.2), Medium: BULLISH(52.3), Short: NEUTRAL(54.1) -> WEAK_ALIGNMENT
20:16:30.976 [pool-1-thread-2] INFO  c.t.b.t.AdvancedIndicatorsEngine - Performing advanced indicators analysis on 72 data points
20:16:30.981 [pool-1-thread-2] INFO  c.t.b.t.AdvancedIndicatorsEngine - Advanced indicators result: BEARISH with 100.0% confluence
20:16:30.981 [pool-1-thread-2] DEBUG c.t.bot.core.Phase2IntegratedBot - Indicators analysis: Stoch: OVERBOUGHT, Williams: OVERBOUGHT, ADX: BEARISH, Confluence: 100.0%
20:16:30.982 [pool-1-thread-2] INFO  c.trading.bot.ml.MLSignalValidator - Validating signal with advanced ML for 72 data points
20:16:30.992 [pool-1-thread-2] INFO  c.trading.bot.ml.MLSignalValidator - ML validation result: ML Validation: BUY (52.7% confidence, 24.8% validation, UNRELIABLE)
20:16:30.992 [pool-1-thread-2] DEBUG c.t.bot.core.Phase2IntegratedBot - ML validation: ML Prediction: 0.653, Validation: 24.8%, Features: 25
20:16:30.993 [pool-1-thread-2] DEBUG c.t.bot.core.Phase2IntegratedBot - Combining Phase 2 advanced signals...
20:16:30.994 [pool-1-thread-2] INFO  c.t.bot.core.Phase2IntegratedBot - ✅ Generated Phase 2 call: [2025-11-13T20:16:30.994768] NIFTY50: HOLD (87.5%) - GOOD
20:16:30.995 [pool-1-thread-2] DEBUG c.t.bot.core.Phase2IntegratedBot - Full call details:
[2025-11-13T20:16:30.994768] PHASE2 NIFTY50: HOLD (87.5%) at 25879.15 - Quality: GOOD
  Technical: Trend:5.0, Momentum:20.0, Volume:15.0, Volatility:3.8, Pattern:7.5
  Timeframe: Long: BULLISH(51.2), Medium: BULLISH(52.3), Short: NEUTRAL(54.1) -> WEAK_ALIGNMENT (38.8% alignment)
  Indicators: Stoch: OVERBOUGHT, Williams: OVERBOUGHT, ADX: BEARISH, Confluence: 100.0% (100.0% confluence)
  ML: ML Prediction: 0.653, Validation: 24.8%, Features: 25 (24.8% validation)
  Combined: Phase2: Tech(51.3) + Time(38.8) + Ind(100.0) + ML(52.7) + Align(5.0) + Conf(20.0) + Val(0.0) + Consist(50.0%) = 87.5%
20:16:30.996 [pool-1-thread-2] DEBUG c.t.bot.core.Phase3IntegratedBot - Phase 2 foundation: [2025-11-13T20:16:30.994768] NIFTY50: HOLD (87.5%) - GOOD
20:16:30.997 [pool-1-thread-2] INFO  c.t.b.smartmoney.OrderBlockDetector - Detecting order blocks from 72 data points
20:16:30.997 [pool-1-thread-2] DEBUG c.t.b.smartmoney.OrderBlockDetector - Identified 0 order block candidates
20:16:31.001 [pool-1-thread-2] INFO  c.t.b.smartmoney.OrderBlockDetector - Order block analysis completed: 0 blocks detected, bias: {:.1f}%, structure: 50.0
20:16:31.002 [pool-1-thread-2] DEBUG c.t.bot.core.Phase3IntegratedBot - Order blocks: 0 detected, bias: {:.1f}%
20:16:31.002 [pool-1-thread-2] INFO  c.t.b.s.FairValueGapDetector - Detecting Fair Value Gaps from 72 data points
20:16:31.011 [pool-1-thread-2] INFO  c.t.b.s.FairValueGapDetector - FVG analysis completed: 0 gaps detected, 0 unfilled, strength: {:.1f}%
20:16:31.011 [pool-1-thread-2] DEBUG c.t.bot.core.Phase3IntegratedBot - Fair Value Gaps: 0 detected, strength: {:.1f}%
20:16:31.011 [pool-1-thread-2] INFO  c.t.bot.smartmoney.LiquidityAnalyzer - Analyzing liquidity patterns from 72 data points
20:16:31.028 [pool-1-thread-2] INFO  c.t.bot.smartmoney.LiquidityAnalyzer - Liquidity analysis completed: 60 pools, bias: NEUTRAL_BIAS, score: {:.1f}%, hunt: 57.07614797137045
20:16:31.028 [pool-1-thread-2] DEBUG c.t.bot.core.Phase3IntegratedBot - Liquidity: 60 pools, score: {:.1f}%, bias: 57.07614797137045
20:16:31.028 [pool-1-thread-2] DEBUG c.t.bot.core.Phase3IntegratedBot - Combining Smart Money analysis...
20:16:31.030 [pool-1-thread-2] INFO  c.t.bot.core.Phase3IntegratedBot - ✅ Generated Phase 3 institutional call: [2025-11-13T20:16:31.030611] NIFTY50: HOLD (96.5%) - Smart Money: 20.0% 👤
20:16:31.031 [pool-1-thread-2] DEBUG c.t.bot.core.Phase3IntegratedBot - Full institutional analysis:
[2025-11-13T20:16:31.030611] PHASE3 NIFTY50: HOLD (96.5%) at 25879.15 - Smart Money: 20.0% (RETAIL)
  📊 Order Blocks: No significant order blocks detected
  🔄 Fair Value Gaps: No significant fair value gaps detected
  💧 Liquidity: 60 pools detected, 57.1% score, NEUTRAL_BIAS, HIGH hunt probability
  🏦 Institutional Strategy: INSTITUTIONAL STRATEGY: Range-bound institutional activity. Wait for clear Smart Money direction. Watch liquidity at 25878.59 - HIGH probability hunt. 
  🎯 Master Analysis: Phase3: HOLD + Smart Money(20.0%) = ENHANCED 96.5% | INSTITUTIONAL_NEUTRAL | Grade: RETAIL
20:16:31.032 [pool-1-thread-2] INFO  c.t.b.market.HonestMarketDataFetcher - 🔍 Fetching HONEST market data for: SENSEX
20:16:31.033 [pool-1-thread-2] INFO  c.t.b.market.HonestMarketDataFetcher - 🌐 API URL: https://api.upstox.com/v2/market-quote/ltp?instrument_key=BSE_INDEX%7CSENSEX
20:16:31.123 [pool-1-thread-2] INFO  c.t.b.market.HonestMarketDataFetcher - 📡 API Response Status: 200 for SENSEX
20:16:31.124 [pool-1-thread-2] INFO  c.t.b.market.HonestMarketDataFetcher - 📄 API Response Body: {"status":"success","data":{"BSE_INDEX:SENSEX":{"last_price":84478.67,"instrument_token":"BSE_INDEX|SENSEX"}}}
20:16:31.124 [pool-1-thread-2] INFO  c.t.b.market.HonestMarketDataFetcher - ✅ Parsed REAL price for SENSEX: ₹84478.67
20:16:31.124 [pool-1-thread-2] INFO  c.t.b.market.HonestMarketDataFetcher - ✅ REAL LIVE PRICE for SENSEX: ₹84478.67
20:16:31.125 [pool-1-thread-2] INFO  c.t.b.market.HonestMarketDataFetcher - ✅ Generated 72 historical points for SENSEX around REAL price ₹84478.67
20:16:31.126 [pool-1-thread-2] INFO  c.t.bot.core.Phase3IntegratedBot - === Generating Phase 3 Institutional Trading Call for SENSEX ===
20:16:31.126 [pool-1-thread-2] INFO  c.t.bot.core.Phase2IntegratedBot - === Generating Phase 2 Advanced Trading Call for SENSEX ===
20:16:31.126 [pool-1-thread-2] INFO  c.t.b.t.AdvancedTechnicalAnalyzer - Calculating enhanced confidence for SENSEX
20:16:31.126 [pool-1-thread-2] DEBUG c.t.b.t.AdvancedTechnicalAnalyzer - MACD calculated - Line: 21.19734464416979, Signal: 0.0, Histogram: 21.19734464416979
20:16:31.126 [pool-1-thread-2] DEBUG c.t.b.t.AdvancedTechnicalAnalyzer - Bollinger Bands - Upper: 84906.46086084213, Middle: 84748.23168997375, Lower: 84590.00251910537
20:16:31.127 [pool-1-thread-2] INFO  c.t.b.t.AdvancedTechnicalAnalyzer - Enhanced confidence calculated: 65.0 for SENSEX with reasoning: Trend:20.0, Momentum:20.0, Volume:10.0, Volatility:11.3, Pattern:3.8
20:16:31.127 [pool-1-thread-2] DEBUG c.t.bot.core.Phase2IntegratedBot - Technical analysis: Trend:20.0, Momentum:20.0, Volume:10.0, Volatility:11.3, Pattern:3.8
20:16:31.127 [pool-1-thread-2] INFO  c.t.b.t.MultiTimeframeAnalyzer - Performing multi-timeframe analysis on 72 data points
20:16:31.127 [pool-1-thread-2] DEBUG c.t.b.t.MultiTimeframeAnalyzer - Timeframe analysis: SHORT_TERM: NEUTRAL (25.0% strength, 53.4% confidence) - MA(84478.67) vs MA(84729.93), Strength: 25.0%
20:16:31.128 [pool-1-thread-2] DEBUG c.t.b.t.MultiTimeframeAnalyzer - Timeframe analysis: MEDIUM_TERM: BEARISH (5.3% strength, 53.3% confidence) - MA(84729.93) vs MA(84748.23), Strength: 5.3%
20:16:31.128 [pool-1-thread-2] DEBUG c.t.b.t.MultiTimeframeAnalyzer - Timeframe analysis: LONG_TERM: BEARISH (4.1% strength, 51.2% confidence) - MA(84729.93) vs MA(84628.62), Strength: 4.1%
20:16:31.129 [pool-1-thread-2] INFO  c.t.b.t.MultiTimeframeAnalyzer - Multi-timeframe result: BEARISH trend with 39.10340287028161% confidence (WEAK_ALIGNMENT)
20:16:31.129 [pool-1-thread-2] DEBUG c.t.bot.core.Phase2IntegratedBot - Timeframe analysis: Long: BEARISH(51.2), Medium: BEARISH(53.3), Short: NEUTRAL(53.4) -> WEAK_ALIGNMENT
20:16:31.129 [pool-1-thread-2] INFO  c.t.b.t.AdvancedIndicatorsEngine - Performing advanced indicators analysis on 72 data points
20:16:31.129 [pool-1-thread-2] INFO  c.t.b.t.AdvancedIndicatorsEngine - Advanced indicators result: NEUTRAL with 43.33333333333333% confluence
20:16:31.129 [pool-1-thread-2] DEBUG c.t.bot.core.Phase2IntegratedBot - Indicators analysis: Stoch: BEARISH, Williams: OVERSOLD, ADX: BEARISH, Confluence: 43.3%
20:16:31.129 [pool-1-thread-2] INFO  c.trading.bot.ml.MLSignalValidator - Validating signal with advanced ML for 72 data points
20:16:31.130 [pool-1-thread-2] INFO  c.trading.bot.ml.MLSignalValidator - ML validation result: ML Validation: BUY (47.7% confidence, 21.4% validation, UNRELIABLE)
20:16:31.130 [pool-1-thread-2] DEBUG c.t.bot.core.Phase2IntegratedBot - ML validation: ML Prediction: 0.620, Validation: 21.4%, Features: 25
20:16:31.130 [pool-1-thread-2] DEBUG c.t.bot.core.Phase2IntegratedBot - Combining Phase 2 advanced signals...
20:16:31.131 [pool-1-thread-2] INFO  c.t.bot.core.Phase2IntegratedBot - ✅ Generated Phase 2 call: [2025-11-13T20:16:31.131276] SENSEX: HOLD (55.9%) - POOR
20:16:31.131 [pool-1-thread-2] DEBUG c.t.bot.core.Phase2IntegratedBot - Full call details:
[2025-11-13T20:16:31.131276] PHASE2 SENSEX: HOLD (55.9%) at 84478.67 - Quality: POOR
  Technical: Trend:20.0, Momentum:20.0, Volume:10.0, Volatility:11.3, Pattern:3.8
  Timeframe: Long: BEARISH(51.2), Medium: BEARISH(53.3), Short: NEUTRAL(53.4) -> WEAK_ALIGNMENT (39.1% alignment)
  Indicators: Stoch: BEARISH, Williams: OVERSOLD, ADX: BEARISH, Confluence: 43.3% (43.3% confluence)
  ML: ML Prediction: 0.620, Validation: 21.4%, Features: 25 (21.4% validation)
  Combined: Phase2: Tech(65.0) + Time(39.1) + Ind(43.3) + ML(47.7) + Align(5.0) + Conf(0.0) + Val(0.0) + Consist(50.0%) = 55.9%
20:16:31.131 [pool-1-thread-2] DEBUG c.t.bot.core.Phase3IntegratedBot - Phase 2 foundation: [2025-11-13T20:16:31.131276] SENSEX: HOLD (55.9%) - POOR
20:16:31.132 [pool-1-thread-2] INFO  c.t.b.smartmoney.OrderBlockDetector - Detecting order blocks from 72 data points
20:16:31.132 [pool-1-thread-2] DEBUG c.t.b.smartmoney.OrderBlockDetector - Identified 0 order block candidates
20:16:31.132 [pool-1-thread-2] INFO  c.t.b.smartmoney.OrderBlockDetector - Order block analysis completed: 0 blocks detected, bias: {:.1f}%, structure: 50.0
20:16:31.132 [pool-1-thread-2] DEBUG c.t.bot.core.Phase3IntegratedBot - Order blocks: 0 detected, bias: {:.1f}%
20:16:31.133 [pool-1-thread-2] INFO  c.t.b.s.FairValueGapDetector - Detecting Fair Value Gaps from 72 data points
20:16:31.133 [pool-1-thread-2] INFO  c.t.b.s.FairValueGapDetector - FVG analysis completed: 0 gaps detected, 0 unfilled, strength: {:.1f}%
20:16:31.133 [pool-1-thread-2] DEBUG c.t.bot.core.Phase3IntegratedBot - Fair Value Gaps: 0 detected, strength: {:.1f}%
20:16:31.133 [pool-1-thread-2] INFO  c.t.bot.smartmoney.LiquidityAnalyzer - Analyzing liquidity patterns from 72 data points
20:16:31.140 [pool-1-thread-2] INFO  c.t.bot.smartmoney.LiquidityAnalyzer - Liquidity analysis completed: 60 pools, bias: NEUTRAL_BIAS, score: {:.1f}%, hunt: 54.214849911720584
20:16:31.140 [pool-1-thread-2] DEBUG c.t.bot.core.Phase3IntegratedBot - Liquidity: 60 pools, score: {:.1f}%, bias: 54.214849911720584
20:16:31.140 [pool-1-thread-2] DEBUG c.t.bot.core.Phase3IntegratedBot - Combining Smart Money analysis...
20:16:31.141 [pool-1-thread-2] INFO  c.t.bot.core.Phase3IntegratedBot - ✅ Generated Phase 3 institutional call: [2025-11-13T20:16:31.141781] SENSEX: HOLD (64.9%) - Smart Money: 19.0% 👤
20:16:31.142 [pool-1-thread-2] DEBUG c.t.bot.core.Phase3IntegratedBot - Full institutional analysis:
[2025-11-13T20:16:31.141781] PHASE3 SENSEX: HOLD (64.9%) at 84478.67 - Smart Money: 19.0% (RETAIL)
  📊 Order Blocks: No significant order blocks detected
  🔄 Fair Value Gaps: No significant fair value gaps detected
  💧 Liquidity: 60 pools detected, 54.2% score, NEUTRAL_BIAS, HIGH hunt probability
  🏦 Institutional Strategy: INSTITUTIONAL STRATEGY: Range-bound institutional activity. Wait for clear Smart Money direction. Watch liquidity at 84574.78 - HIGH probability hunt. 
  🎯 Master Analysis: Phase3: HOLD + Smart Money(19.0%) = ENHANCED 64.9% | INSTITUTIONAL_NEUTRAL | Grade: RETAIL
20:16:31.143 [pool-1-thread-2] INFO  c.t.b.market.HonestMarketDataFetcher - 🔍 Fetching HONEST market data for: BANKNIFTY
20:16:31.143 [pool-1-thread-2] INFO  c.t.b.market.HonestMarketDataFetcher - 🌐 API URL: https://api.upstox.com/v2/market-quote/ltp?instrument_key=NSE_INDEX%7CNifty+Bank
20:16:31.254 [pool-1-thread-2] INFO  c.t.b.market.HonestMarketDataFetcher - 📡 API Response Status: 200 for BANKNIFTY
20:16:31.255 [pool-1-thread-2] INFO  c.t.b.market.HonestMarketDataFetcher - 📄 API Response Body: {"status":"success","data":{"NSE_INDEX:Nifty Bank":{"last_price":58381.95,"instrument_token":"NSE_INDEX|Nifty Bank"}}}
20:16:31.255 [pool-1-thread-2] INFO  c.t.b.market.HonestMarketDataFetcher - ✅ Parsed REAL price for BANKNIFTY: ₹58381.95
20:16:31.255 [pool-1-thread-2] INFO  c.t.b.market.HonestMarketDataFetcher - ✅ REAL LIVE PRICE for BANKNIFTY: ₹58381.95
20:16:31.256 [pool-1-thread-2] INFO  c.t.b.market.HonestMarketDataFetcher - ✅ Generated 72 historical points for BANKNIFTY around REAL price ₹58381.95
20:16:31.256 [pool-1-thread-2] INFO  c.t.bot.core.Phase3IntegratedBot - === Generating Phase 3 Institutional Trading Call for BANKNIFTY ===
20:16:31.256 [pool-1-thread-2] INFO  c.t.bot.core.Phase2IntegratedBot - === Generating Phase 2 Advanced Trading Call for BANKNIFTY ===
20:16:31.256 [pool-1-thread-2] INFO  c.t.b.t.AdvancedTechnicalAnalyzer - Calculating enhanced confidence for BANKNIFTY
20:16:31.257 [pool-1-thread-2] DEBUG c.t.b.t.AdvancedTechnicalAnalyzer - MACD calculated - Line: 12.416358186223079, Signal: 0.0, Histogram: 12.416358186223079
20:16:31.257 [pool-1-thread-2] DEBUG c.t.b.t.AdvancedTechnicalAnalyzer - Bollinger Bands - Upper: 58443.855508292414, Middle: 58355.057141429, Lower: 58266.25877456559
20:16:31.257 [pool-1-thread-2] INFO  c.t.b.t.AdvancedTechnicalAnalyzer - Enhanced confidence calculated: 68.0 for BANKNIFTY with reasoning: Trend:20.0, Momentum:20.0, Volume:10.0, Volatility:10.5, Pattern:7.5
20:16:31.257 [pool-1-thread-2] DEBUG c.t.bot.core.Phase2IntegratedBot - Technical analysis: Trend:20.0, Momentum:20.0, Volume:10.0, Volatility:10.5, Pattern:7.5
20:16:31.257 [pool-1-thread-2] INFO  c.t.b.t.MultiTimeframeAnalyzer - Performing multi-timeframe analysis on 72 data points
20:16:31.258 [pool-1-thread-2] DEBUG c.t.b.t.MultiTimeframeAnalyzer - Timeframe analysis: SHORT_TERM: NEUTRAL (0.0% strength, 49.7% confidence) - MA(58381.95) vs MA(58378.72), Strength: 0.0%
20:16:31.258 [pool-1-thread-2] DEBUG c.t.b.t.MultiTimeframeAnalyzer - Timeframe analysis: MEDIUM_TERM: BULLISH (0.0% strength, 49.7% confidence) - MA(58378.72) vs MA(58355.06), Strength: 0.0%
20:16:31.258 [pool-1-thread-2] DEBUG c.t.b.t.MultiTimeframeAnalyzer - Timeframe analysis: LONG_TERM: BULLISH (2.0% strength, 49.7% confidence) - MA(58378.72) vs MA(58353.88), Strength: 2.0%
20:16:31.259 [pool-1-thread-2] INFO  c.t.b.t.MultiTimeframeAnalyzer - Multi-timeframe result: BULLISH trend with 37.269093717917556% confidence (WEAK_ALIGNMENT)
20:16:31.259 [pool-1-thread-2] DEBUG c.t.bot.core.Phase2IntegratedBot - Timeframe analysis: Long: BULLISH(49.7), Medium: BULLISH(49.7), Short: NEUTRAL(49.7) -> WEAK_ALIGNMENT
20:16:31.259 [pool-1-thread-2] INFO  c.t.b.t.AdvancedIndicatorsEngine - Performing advanced indicators analysis on 72 data points
20:16:31.259 [pool-1-thread-2] INFO  c.t.b.t.AdvancedIndicatorsEngine - Advanced indicators result: NEUTRAL with 43.33333333333333% confluence
20:16:31.260 [pool-1-thread-2] DEBUG c.t.bot.core.Phase2IntegratedBot - Indicators analysis: Stoch: BULLISH, Williams: BULLISH, ADX: BEARISH, Confluence: 43.3%
20:16:31.260 [pool-1-thread-2] INFO  c.trading.bot.ml.MLSignalValidator - Validating signal with advanced ML for 72 data points
20:16:31.260 [pool-1-thread-2] INFO  c.trading.bot.ml.MLSignalValidator - ML validation result: ML Validation: BUY (42.5% confidence, 18.1% validation, UNRELIABLE)
20:16:31.260 [pool-1-thread-2] DEBUG c.t.bot.core.Phase2IntegratedBot - ML validation: ML Prediction: 0.584, Validation: 18.1%, Features: 25
20:16:31.261 [pool-1-thread-2] DEBUG c.t.bot.core.Phase2IntegratedBot - Combining Phase 2 advanced signals...
20:16:31.261 [pool-1-thread-2] INFO  c.t.bot.core.Phase2IntegratedBot - ✅ Generated Phase 2 call: [2025-11-13T20:16:31.261365] BANKNIFTY: HOLD (55.0%) - POOR
20:16:31.261 [pool-1-thread-2] DEBUG c.t.bot.core.Phase2IntegratedBot - Full call details:
[2025-11-13T20:16:31.261365] PHASE2 BANKNIFTY: HOLD (55.0%) at 58381.95 - Quality: POOR
  Technical: Trend:20.0, Momentum:20.0, Volume:10.0, Volatility:10.5, Pattern:7.5
  Timeframe: Long: BULLISH(49.7), Medium: BULLISH(49.7), Short: NEUTRAL(49.7) -> WEAK_ALIGNMENT (37.3% alignment)
  Indicators: Stoch: BULLISH, Williams: BULLISH, ADX: BEARISH, Confluence: 43.3% (43.3% confluence)
  ML: ML Prediction: 0.584, Validation: 18.1%, Features: 25 (18.1% validation)
  Combined: Phase2: Tech(68.0) + Time(37.3) + Ind(43.3) + ML(42.5) + Align(5.0) + Conf(0.0) + Val(0.0) + Consist(50.0%) = 55.0%
20:16:31.261 [pool-1-thread-2] DEBUG c.t.bot.core.Phase3IntegratedBot - Phase 2 foundation: [2025-11-13T20:16:31.261365] BANKNIFTY: HOLD (55.0%) - POOR
20:16:31.261 [pool-1-thread-2] INFO  c.t.b.smartmoney.OrderBlockDetector - Detecting order blocks from 72 data points
20:16:31.262 [pool-1-thread-2] DEBUG c.t.b.smartmoney.OrderBlockDetector - Identified 0 order block candidates
20:16:31.262 [pool-1-thread-2] INFO  c.t.b.smartmoney.OrderBlockDetector - Order block analysis completed: 0 blocks detected, bias: {:.1f}%, structure: 50.0
20:16:31.262 [pool-1-thread-2] DEBUG c.t.bot.core.Phase3IntegratedBot - Order blocks: 0 detected, bias: {:.1f}%
20:16:31.262 [pool-1-thread-2] INFO  c.t.b.s.FairValueGapDetector - Detecting Fair Value Gaps from 72 data points
20:16:31.262 [pool-1-thread-2] INFO  c.t.b.s.FairValueGapDetector - FVG analysis completed: 0 gaps detected, 0 unfilled, strength: {:.1f}%
20:16:31.262 [pool-1-thread-2] DEBUG c.t.bot.core.Phase3IntegratedBot - Fair Value Gaps: 0 detected, strength: {:.1f}%
20:16:31.262 [pool-1-thread-2] INFO  c.t.bot.smartmoney.LiquidityAnalyzer - Analyzing liquidity patterns from 72 data points
20:16:31.268 [pool-1-thread-2] INFO  c.t.bot.smartmoney.LiquidityAnalyzer - Liquidity analysis completed: 62 pools, bias: NEUTRAL_BIAS, score: {:.1f}%, hunt: 56.03541721248305
20:16:31.268 [pool-1-thread-2] DEBUG c.t.bot.core.Phase3IntegratedBot - Liquidity: 62 pools, score: {:.1f}%, bias: 56.03541721248305
20:16:31.268 [pool-1-thread-2] DEBUG c.t.bot.core.Phase3IntegratedBot - Combining Smart Money analysis...
20:16:31.269 [pool-1-thread-2] INFO  c.t.bot.core.Phase3IntegratedBot - ✅ Generated Phase 3 institutional call: [2025-11-13T20:16:31.269033] BANKNIFTY: HOLD (64.0%) - Smart Money: 19.6% 👤
20:16:31.269 [pool-1-thread-2] DEBUG c.t.bot.core.Phase3IntegratedBot - Full institutional analysis:
[2025-11-13T20:16:31.269033] PHASE3 BANKNIFTY: HOLD (64.0%) at 58381.95 - Smart Money: 19.6% (RETAIL)
  📊 Order Blocks: No significant order blocks detected
  🔄 Fair Value Gaps: No significant fair value gaps detected
  💧 Liquidity: 62 pools detected, 56.0% score, NEUTRAL_BIAS, HIGH hunt probability
  🏦 Institutional Strategy: INSTITUTIONAL STRATEGY: Range-bound institutional activity. Wait for clear Smart Money direction. Watch liquidity at 58340.50 - HIGH probability hunt. 
  🎯 Master Analysis: Phase3: HOLD + Smart Money(19.6%) = ENHANCED 64.0% | INSTITUTIONAL_NEUTRAL | Grade: RETAIL
20:16:32.352 [pool-1-thread-2] DEBUG c.t.bot.telegram.Phase3TelegramBot - 📤 Sent message to chat 457623834: 🏦 **COMPREHENSIVE INSTITUTIONAL ANALYSIS**\n=====
\n🛑 Shutting down Phase 3 Telegram Bot...
20:47:05.272 [Thread-0] INFO  c.t.bot.telegram.Phase3TelegramBot - 🛑 Stopping Phase 3 Telegram Bot...
20:47:10.279 [Thread-0] INFO  c.t.bot.telegram.Phase3TelegramBot - ✅ Phase 3 Telegram Bot stopped
