🏆 WORKING TELEGRAM BOT - PHASE 1+4
====================================
✅ Phase 1: Enhanced Technical + Machine Learning
✅ Phase 4: Portfolio Optimization + Risk Management + Algorithmic Execution
📊 Real Market Data: Upstox API Integration
🔄 Guaranteed to respond to /start commands

20:54:44.522 [main] INFO  c.trading.bot.ml.MLSignalValidator - Initializing advanced ML signal validator...
20:54:44.525 [main] INFO  c.t.bot.ml.SimplifiedMarketPredictor - Initializing simplified ML model...
20:54:44.525 [main] INFO  c.t.bot.ml.SimplifiedMarketPredictor - Simplified ML model initialized successfully
20:54:44.525 [main] INFO  c.trading.bot.ml.MLSignalValidator - Advanced ML signal validator initialized successfully
✅ Working Telegram Bot components initialized
🚀 Starting Working Telegram Bot...
🔄 Bot will respond to /start commands
📱 Features: Phase 1 + Phase 4 + Real Market Data
20:54:44.530 [main] INFO  c.t.bot.core.Phase4QuantSystemBot - === Initializing Phase 4 Quantitative & Algorithmic Trading System ===
20:54:44.530 [main] INFO  c.t.bot.core.Phase4QuantSystemBot - Initializing Phase 3 Smart Money foundation...
20:54:44.531 [main] INFO  c.t.bot.core.Phase3IntegratedBot - === Initializing Phase 3 Smart Money Concepts Bot ===
20:54:44.531 [main] INFO  c.t.bot.core.Phase3IntegratedBot - Initializing Phase 2 foundation...
20:54:44.531 [main] INFO  c.t.bot.core.Phase2IntegratedBot - === Initializing Phase 2 Advanced Integrated Bot ===
20:54:44.531 [main] INFO  c.t.bot.core.Phase2IntegratedBot - Initializing technical analyzer...
20:54:44.531 [main] INFO  c.t.bot.core.Phase2IntegratedBot - Initializing multi-timeframe analyzer...
20:54:44.532 [main] INFO  c.t.bot.core.Phase2IntegratedBot - Initializing advanced indicators engine...
20:54:44.532 [main] INFO  c.t.bot.core.Phase2IntegratedBot - Initializing ML signal validator...
20:54:44.532 [main] INFO  c.t.bot.core.Phase2IntegratedBot - ✅ Phase 2 Advanced Integrated Bot initialized successfully
20:54:44.533 [main] INFO  c.t.bot.core.Phase3IntegratedBot - Initializing Order Block Detector...
20:54:44.533 [main] INFO  c.t.bot.core.Phase3IntegratedBot - Initializing Fair Value Gap Detector...
20:54:44.533 [main] INFO  c.t.bot.core.Phase3IntegratedBot - Initializing Liquidity Analyzer...
20:54:44.534 [main] INFO  c.t.bot.core.Phase3IntegratedBot - ✅ Phase 3 Smart Money Concepts Bot initialized successfully
20:54:44.534 [main] INFO  c.t.bot.core.Phase4QuantSystemBot - Initializing Portfolio Manager...
20:54:44.535 [main] INFO  c.trading.bot.quant.PortfolioManager - ✅ Portfolio Manager initialized with ${:.2f}
20:54:44.538 [main] INFO  c.t.bot.core.Phase4QuantSystemBot - Initializing Risk Optimizer...
20:54:44.538 [main] INFO  com.trading.bot.quant.RiskOptimizer - ✅ Risk Optimizer initialized
20:54:44.538 [main] INFO  c.t.bot.core.Phase4QuantSystemBot - Initializing Algorithmic Executor...
20:54:44.539 [main] INFO  c.t.bot.quant.AlgorithmicExecutor - ✅ Algorithmic Executor initialized
20:54:44.539 [main] INFO  c.t.bot.core.Phase4QuantSystemBot - Initializing Quantitative Analyzer...
20:54:44.539 [main] INFO  c.t.bot.quant.QuantitativeAnalyzer - ✅ Quantitative Analyzer initialized
20:54:44.540 [main] INFO  c.t.bot.core.Phase4QuantSystemBot - ✅ Phase 4 Quantitative System initialized successfully
✅ Phase 4 system initialized
❌ Error checking messages: request timed out
\n🛑 Shutting down Working Telegram Bot...
