🏆 WORKING TELEGRAM BOT - PHASE 1+4
====================================
✅ Phase 1: Enhanced Technical + Machine Learning
✅ Phase 4: Portfolio Optimization + Risk Management + Algorithmic Execution
📊 Real Market Data: Upstox API Integration
🔄 Guaranteed to respond to /start commands

21:46:21.750 [main] INFO  c.trading.bot.ml.MLSignalValidator - Initializing advanced ML signal validator...
21:46:21.753 [main] INFO  c.t.bot.ml.SimplifiedMarketPredictor - Initializing simplified ML model...
21:46:21.753 [main] INFO  c.t.bot.ml.SimplifiedMarketPredictor - Simplified ML model initialized successfully
21:46:21.754 [main] INFO  c.trading.bot.ml.MLSignalValidator - Advanced ML signal validator initialized successfully
✅ Working Telegram Bot components initialized
🚀 Starting Working Telegram Bot...
🔄 Bot will respond to /start commands
📱 Features: Phase 1 + Phase 4 + Real Market Data
21:46:21.759 [main] INFO  c.t.bot.core.Phase4QuantSystemBot - === Initializing Phase 4 Quantitative & Algorithmic Trading System ===
21:46:21.760 [main] INFO  c.t.bot.core.Phase4QuantSystemBot - Initializing Phase 3 Smart Money foundation...
21:46:21.760 [main] INFO  c.t.bot.core.Phase3IntegratedBot - === Initializing Phase 3 Smart Money Concepts Bot ===
21:46:21.760 [main] INFO  c.t.bot.core.Phase3IntegratedBot - Initializing Phase 2 foundation...
21:46:21.760 [main] INFO  c.t.bot.core.Phase2IntegratedBot - === Initializing Phase 2 Advanced Integrated Bot ===
21:46:21.761 [main] INFO  c.t.bot.core.Phase2IntegratedBot - Initializing technical analyzer...
21:46:21.761 [main] INFO  c.t.bot.core.Phase2IntegratedBot - Initializing multi-timeframe analyzer...
21:46:21.761 [main] INFO  c.t.bot.core.Phase2IntegratedBot - Initializing advanced indicators engine...
21:46:21.761 [main] INFO  c.t.bot.core.Phase2IntegratedBot - Initializing ML signal validator...
21:46:21.761 [main] INFO  c.t.bot.core.Phase2IntegratedBot - ✅ Phase 2 Advanced Integrated Bot initialized successfully
21:46:21.762 [main] INFO  c.t.bot.core.Phase3IntegratedBot - Initializing Order Block Detector...
21:46:21.762 [main] INFO  c.t.bot.core.Phase3IntegratedBot - Initializing Fair Value Gap Detector...
21:46:21.762 [main] INFO  c.t.bot.core.Phase3IntegratedBot - Initializing Liquidity Analyzer...
21:46:21.763 [main] INFO  c.t.bot.core.Phase3IntegratedBot - ✅ Phase 3 Smart Money Concepts Bot initialized successfully
21:46:21.763 [main] INFO  c.t.bot.core.Phase4QuantSystemBot - Initializing Portfolio Manager...
21:46:21.763 [main] INFO  c.trading.bot.quant.PortfolioManager - ✅ Portfolio Manager initialized with ${:.2f}
21:46:21.766 [main] INFO  c.t.bot.core.Phase4QuantSystemBot - Initializing Risk Optimizer...
21:46:21.766 [main] INFO  com.trading.bot.quant.RiskOptimizer - ✅ Risk Optimizer initialized
21:46:21.767 [main] INFO  c.t.bot.core.Phase4QuantSystemBot - Initializing Algorithmic Executor...
21:46:21.767 [main] INFO  c.t.bot.quant.AlgorithmicExecutor - ✅ Algorithmic Executor initialized
21:46:21.767 [main] INFO  c.t.bot.core.Phase4QuantSystemBot - Initializing Quantitative Analyzer...
21:46:21.767 [main] INFO  c.t.bot.quant.QuantitativeAnalyzer - ✅ Quantitative Analyzer initialized
21:46:21.768 [main] INFO  c.t.bot.core.Phase4QuantSystemBot - ✅ Phase 4 Quantitative System initialized successfully
✅ Phase 4 system initialized
❌ Error checking messages: request timed out
❌ Error checking messages: request timed out
\n🛑 Shutting down Working Telegram Bot...
