2025-10-31 21:14:51.705 [main] INFO  com.trading.bot.core.TradingBot - Starting trading bot...
2025-10-31 21:14:51.745 [pool-1-thread-1] INFO  com.trading.bot.core.TradingBot - Starting market data collection...
2025-10-31 21:14:51.750 [pool-1-thread-2] INFO  com.trading.bot.core.TradingBot - Initializing ML components...
2025-10-31 21:14:51.759 [pool-2-thread-1] INFO  com.trading.bot.core.TradingBot - Running options analysis...
2025-10-31 21:14:51.772 [pool-1-thread-3] INFO  com.trading.bot.core.TradingBot - Starting trading engine...
2025-10-31 21:14:51.774 [main] INFO  com.trading.bot.core.TradingBot - Bot started successfully!
2025-10-31 21:15:03.116 [Thread-0] INFO  com.trading.bot.core.TradingBot - Stopping trading bot...
2025-10-31 21:15:03.126 [Thread-0] INFO  com.trading.bot.core.TradingBot - Bot stopped successfully!
2025-10-31 21:15:20.816 [main] INFO  com.trading.bot.core.TradingBot - Starting trading bot...
2025-10-31 21:15:20.820 [pool-1-thread-1] INFO  com.trading.bot.core.TradingBot - Starting market data collection...
2025-10-31 21:15:20.821 [pool-1-thread-2] INFO  com.trading.bot.core.TradingBot - Initializing ML components...
2025-10-31 21:15:20.823 [pool-2-thread-1] INFO  com.trading.bot.core.TradingBot - Running options analysis...
2025-10-31 21:15:20.826 [main] INFO  com.trading.bot.core.TradingBot - Bot started successfully!
2025-10-31 21:15:20.826 [pool-1-thread-3] INFO  com.trading.bot.core.TradingBot - Starting trading engine...
2025-10-31 21:15:43.364 [Thread-0] INFO  com.trading.bot.core.TradingBot - Stopping trading bot...
2025-10-31 21:15:43.367 [Thread-0] INFO  com.trading.bot.core.TradingBot - Bot stopped successfully!
2025-10-31 21:16:42.090 [main] INFO  com.trading.bot.core.TradingBot - Starting trading bot...
2025-10-31 21:16:42.099 [pool-1-thread-1] INFO  com.trading.bot.core.TradingBot - Starting market data collection...
2025-10-31 21:16:42.107 [pool-1-thread-2] INFO  com.trading.bot.core.TradingBot - Initializing ML components...
2025-10-31 21:16:42.111 [pool-2-thread-1] INFO  com.trading.bot.core.TradingBot - Running options analysis...
2025-10-31 21:16:42.115 [main] INFO  com.trading.bot.core.TradingBot - Bot started successfully!
2025-10-31 21:16:42.115 [pool-1-thread-3] INFO  com.trading.bot.core.TradingBot - Starting trading engine...
2025-10-31 21:21:42.104 [pool-2-thread-1] INFO  com.trading.bot.core.TradingBot - Running options analysis...
2025-10-31 21:26:42.093 [pool-2-thread-1] INFO  com.trading.bot.core.TradingBot - Running options analysis...
2025-10-31 21:31:42.085 [pool-2-thread-1] INFO  com.trading.bot.core.TradingBot - Running options analysis...
2025-10-31 21:36:42.078 [pool-2-thread-1] INFO  com.trading.bot.core.TradingBot - Running options analysis...
2025-10-31 21:41:41.874 [pool-2-thread-1] INFO  com.trading.bot.core.TradingBot - Running options analysis...
2025-10-31 21:42:25.723 [Thread-0] INFO  com.trading.bot.core.TradingBot - Stopping trading bot...
2025-10-31 21:42:25.726 [Thread-0] INFO  com.trading.bot.core.TradingBot - Bot stopped successfully!
